<?xml version="1.0" encoding="UTF-8"?>
<!-- Generated by org.testng.reporters.JUnitReportReporter -->
<testsuite hostname="LNUS5CG91852P3" failures="0" tests="7" name="com.mymatrix.qa.testcases.LoginPageTest" time="12.178" errors="0" timestamp="2025-09-14T21:42:28 CDT" skipped="0">
  <testcase classname="com.mymatrix.qa.testcases.LoginPageTest" name="loginTest" time="1.380"/>
  <testcase classname="com.mymatrix.qa.testcases.LoginPageTest" name="loginTest" time="1.471"/>
  <testcase classname="com.mymatrix.qa.testcases.LoginPageTest" name="loginTest" time="1.212"/>
  <testcase classname="com.mymatrix.qa.testcases.LoginPageTest" name="loginTest" time="2.047"/>
  <testcase classname="com.mymatrix.qa.testcases.LoginPageTest" name="loginTest" time="1.494"/>
  <testcase classname="com.mymatrix.qa.testcases.LoginPageTest" name="loginTest" time="1.753"/>
  <testcase classname="com.mymatrix.qa.testcases.LoginPageTest" name="loginTest" time="2.821"/>
</testsuite> <!-- com.mymatrix.qa.testcases.LoginPageTest -->
