<?xml version="1.0" encoding="UTF-8"?>
<!-- Generated by org.testng.reporters.JUnitReportReporter -->
<testsuite hostname="LNUS5CG91852P3" failures="0" tests="7" name="com.mymatrix.qa.testcases.LoginPageTest" time="12.725" errors="0" timestamp="2025-09-14T21:31:57 CDT" skipped="0">
  <testcase classname="com.mymatrix.qa.testcases.LoginPageTest" name="loginTest" time="1.501"/>
  <testcase classname="com.mymatrix.qa.testcases.LoginPageTest" name="loginTest" time="3.013"/>
  <testcase classname="com.mymatrix.qa.testcases.LoginPageTest" name="loginTest" time="1.375"/>
  <testcase classname="com.mymatrix.qa.testcases.LoginPageTest" name="loginTest" time="2.068"/>
  <testcase classname="com.mymatrix.qa.testcases.LoginPageTest" name="loginTest" time="1.469"/>
  <testcase classname="com.mymatrix.qa.testcases.LoginPageTest" name="loginTest" time="2.087"/>
  <testcase classname="com.mymatrix.qa.testcases.LoginPageTest" name="loginTest" time="1.212"/>
</testsuite> <!-- com.mymatrix.qa.testcases.LoginPageTest -->
